0 verbose cli /opt/homebrew/Cellar/node/25.9.0_3/bin/node /opt/homebrew/bin/npm
1 info using npm@11.12.1
2 info using node@v25.9.0
3 silly config load:file:/opt/homebrew/lib/node_modules/npm/npmrc
4 silly config load:file:/Users/iman/resumeok/.npmrc
5 silly config load:file:/Users/iman/.npmrc
6 silly config load:file:/opt/homebrew/etc/npmrc
7 verbose title npm install expo-print expo-sharing
8 verbose argv "install" "expo-print" "expo-sharing" "--cache" "./npm-cache"
9 verbose logfile logs-max:10 dir:/Users/iman/resumeok/npm-cache/_logs/2026-06-17T22_53_39_660Z-
10 verbose logfile /Users/iman/resumeok/npm-cache/_logs/2026-06-17T22_53_39_660Z-debug-0.log
11 silly logfile done cleaning log files
12 silly packumentCache heap:4496293888 maxSize:1124073472 maxEntrySize:562036736
13 silly idealTree buildDeps
14 silly fetch manifest expo-print@~15.0.8
15 silly packumentCache full:https://registry.npmjs.org/expo-print cache-miss
16 http fetch GET 200 https://registry.npmjs.org/npm 1099ms
17 http fetch GET 200 https://registry.npmjs.org/expo-print 1030ms (cache miss)
18 silly packumentCache full:https://registry.npmjs.org/expo-print set size:undefined disposed:false
19 silly fetch manifest expo@~54.0.34
20 silly packumentCache full:https://registry.npmjs.org/expo cache-miss
21 http fetch GET 200 https://registry.npmjs.org/expo 1024ms (cache miss)
22 silly packumentCache full:https://registry.npmjs.org/expo set size:undefined disposed:false
23 silly fetch manifest @expo/dom-webview@*
24 silly packumentCache full:https://registry.npmjs.org/@expo%2fdom-webview cache-miss
25 http fetch GET 200 https://registry.npmjs.org/@expo%2fdom-webview 252ms (cache miss)
26 silly packumentCache full:https://registry.npmjs.org/@expo%2fdom-webview set size:undefined disposed:false
27 silly fetch manifest react@19.1.0
28 silly packumentCache full:https://registry.npmjs.org/react cache-miss
29 http fetch GET 200 https://registry.npmjs.org/react 1458ms (cache miss)
30 silly packumentCache full:https://registry.npmjs.org/react set size:undefined disposed:false
31 silly fetch manifest react-native@0.81.5
32 silly packumentCache full:https://registry.npmjs.org/react-native cache-miss
33 http fetch GET 200 https://registry.npmjs.org/react-native 1836ms (cache miss)
34 silly packumentCache full:https://registry.npmjs.org/react-native set size:undefined disposed:false
35 silly fetch manifest @types/react@~19.1.0
36 silly packumentCache full:https://registry.npmjs.org/@types%2freact cache-miss
37 http fetch GET 200 https://registry.npmjs.org/@types%2freact 585ms (cache miss)
38 silly packumentCache full:https://registry.npmjs.org/@types%2freact set size:undefined disposed:false
39 silly fetch manifest @expo/metro-runtime@*
40 silly packumentCache full:https://registry.npmjs.org/@expo%2fmetro-runtime cache-miss
41 http fetch GET 200 https://registry.npmjs.org/@expo%2fmetro-runtime 471ms (cache miss)
42 silly packumentCache full:https://registry.npmjs.org/@expo%2fmetro-runtime set size:undefined disposed:false
43 silly fetch manifest react-dom@19.1.0
44 silly packumentCache full:https://registry.npmjs.org/react-dom cache-miss
45 http fetch GET 200 https://registry.npmjs.org/react-dom 1815ms (cache miss)
46 silly packumentCache full:https://registry.npmjs.org/react-dom set size:undefined disposed:false
47 silly fetch manifest react-native-webview@*
48 silly packumentCache full:https://registry.npmjs.org/react-native-webview cache-miss
49 http fetch GET 200 https://registry.npmjs.org/react-native-webview 491ms (cache miss)
50 silly packumentCache full:https://registry.npmjs.org/react-native-webview set size:undefined disposed:false
51 silly fetch manifest expo-sharing@~14.0.8
52 silly packumentCache full:https://registry.npmjs.org/expo-sharing cache-miss
53 http fetch GET 200 https://registry.npmjs.org/expo-sharing 327ms (cache miss)
54 silly packumentCache full:https://registry.npmjs.org/expo-sharing set size:undefined disposed:false
55 silly placeDep ROOT expo-print@15.0.8 OK for: resumeok@1.4.1 want: ~15.0.8
56 silly placeDep ROOT expo-sharing@14.0.8 OK for: resumeok@1.4.1 want: ~14.0.8
57 silly reify moves {}
58 verbose stack Error: EACCES: permission denied, mkdir '/Users/iman/resumeok/node_modules/expo-print'
58 verbose stack     at async mkdir (node:internal/fs/promises:1501:10)
58 verbose stack     at async /opt/homebrew/lib/node_modules/npm/node_modules/@npmcli/arborist/lib/arborist/reify.js:585:20
58 verbose stack     at async Promise.allSettled (index 0)
58 verbose stack     at async #reifyPackages (/opt/homebrew/lib/node_modules/npm/node_modules/@npmcli/arborist/lib/arborist/reify.js:317:11)
58 verbose stack     at async Arborist.reify (/opt/homebrew/lib/node_modules/npm/node_modules/@npmcli/arborist/lib/arborist/reify.js:127:5)
58 verbose stack     at async Install.exec (/opt/homebrew/lib/node_modules/npm/lib/commands/install.js:146:5)
58 verbose stack     at async Npm.exec (/opt/homebrew/lib/node_modules/npm/lib/npm.js:193:9)
58 verbose stack     at async module.exports (/opt/homebrew/lib/node_modules/npm/lib/cli/entry.js:67:5)
59 error code EACCES
60 error syscall mkdir
61 error path /Users/iman/resumeok/node_modules/expo-print
62 error errno -13
63 error Error: EACCES: permission denied, mkdir '/Users/iman/resumeok/node_modules/expo-print'
63 error     at async mkdir (node:internal/fs/promises:1501:10)
63 error     at async /opt/homebrew/lib/node_modules/npm/node_modules/@npmcli/arborist/lib/arborist/reify.js:585:20
63 error     at async Promise.allSettled (index 0)
63 error     at async #reifyPackages (/opt/homebrew/lib/node_modules/npm/node_modules/@npmcli/arborist/lib/arborist/reify.js:317:11)
63 error     at async Arborist.reify (/opt/homebrew/lib/node_modules/npm/node_modules/@npmcli/arborist/lib/arborist/reify.js:127:5)
63 error     at async Install.exec (/opt/homebrew/lib/node_modules/npm/lib/commands/install.js:146:5)
63 error     at async Npm.exec (/opt/homebrew/lib/node_modules/npm/lib/npm.js:193:9)
63 error     at async module.exports (/opt/homebrew/lib/node_modules/npm/lib/cli/entry.js:67:5) {
63 error   errno: -13,
63 error   code: 'EACCES',
63 error   syscall: 'mkdir',
63 error   path: '/Users/iman/resumeok/node_modules/expo-print'
63 error }
64 error
64 error The operation was rejected by your operating system.
64 error It is likely you do not have the permissions to access this file as the current user
64 error
64 error If you believe this might be a permissions issue, please double-check the permissions of the file and its containing directories, or try running the command again as root/Administrator.
65 silly unfinished npm timer reify 1781736819789
66 silly unfinished npm timer reify:createSparse 1781736829471
67 verbose cwd /Users/iman/resumeok
68 verbose os Darwin 25.4.0
69 verbose node v25.9.0
70 verbose npm  v11.12.1
71 notice
71 notice New minor version of npm available! 11.12.1 -> 11.17.0
71 notice Changelog: https://github.com/npm/cli/releases/tag/v11.17.0
71 notice To update run: npm install -g npm@11.17.0
71 notice  { force: true, Symbol(proc-log.meta): true }
72 verbose exit -13
73 verbose code -13
74 error A complete log of this run can be found in: /Users/iman/resumeok/npm-cache/_logs/2026-06-17T22_53_39_660Z-debug-0.log
